<?xml version="1.0" encoding="UTF-8"?>
<!-- Generated by org.testng.reporters.JUnitXMLReporter -->
<testsuite ignored="0" hostname="chathucharu" failures="0" tests="7" name="Car Loan" time="0.245" errors="0" timestamp="2025-11-19T18:03:41 EST">
  <testcase classname="Test.Day3" name="MobileSignInCarLoan" time="0.012"/>
  <testcase classname="Test.Day3" name="MobileSignInCarLoan" time="0.027"/>
  <testcase classname="Test.Day3" name="MobileSignInCarLoan" time="0.007"/>
  <testcase classname="Test.Day3" name="MobileSignOutCarLoan" time="0.002"/>
  <testcase classname="Test.Day3" name="WebloginCarLoan" time="0.005"/>
  <testcase classname="Test.Day3" name="MobileloginCarLoan" time="0.005"/>
  <testcase classname="Test.Day3" name="LoginAPICarLoan" time="0.003"/>
</testsuite> <!-- Car Loan -->
