<?xml version="1.0" encoding="UTF-8"?>
<!-- Generated by org.testng.reporters.JUnitXMLReporter -->
<testsuite ignored="0" hostname="chathucharu" failures="1" tests="6" name="Personal Loan" time="0.15" errors="0" timestamp="2025-11-19T18:03:41 EST">
  <testcase classname="Test.Day1" name="Demo" time="0.012"/>
  <testcase classname="Test.Day1" name="SecondTest" time="0.0">
    <failure type="org.testng.TestNGException" message="
Parameter &amp;apos;URL&amp;apos; is required by @Test on method SecondTest but has not been marked @Optional or defined
in C:\Users\manic\eclipse-workspace\TestNGProject\testng4.xml">
      <![CDATA[org.testng.TestNGException: 
Parameter 'URL' is required by @Test on method SecondTest but has not been marked @Optional or defined
in C:\Users\manic\eclipse-workspace\TestNGProject\testng4.xml
at java.base/java.util.ArrayList.forEach(ArrayList.java:1596)
at java.base/java.util.concurrent.FutureTask.run(FutureTask.java:317)
at java.base/java.util.concurrent.ThreadPoolExecutor.runWorker(ThreadPoolExecutor.java:1144)
at java.base/java.util.concurrent.ThreadPoolExecutor$Worker.run(ThreadPoolExecutor.java:642)
at java.base/java.lang.Thread.run(Thread.java:1583)
... Removed 16 stack frames]]>
    </failure>
  </testcase> <!-- SecondTest -->
  <testcase classname="Test.Day2" name="ploan" time="0.002"/>
  <testcase classname="Test.Day4" name="LoginAPIHomeLoan" time="0.004"/>
  <testcase classname="Test.Day4" name="MobileloginHomeLoan" time="0.003"/>
  <testcase classname="Test.Day4" name="webloginHomeLoan" time="0.002"/>
</testsuite> <!-- Personal Loan -->
