<?xml version="1.0" encoding="UTF-8"?>
<!-- Generated by org.testng.reporters.JUnitXMLReporter -->
<testsuite ignored="5" hostname="chathucharu" failures="0" tests="6" name="Regression" time="0.137" errors="0" timestamp="2025-11-18T22:53:26 EST">
  <testcase classname="Test.Day3" name="MobileSignInCarLoan" time="0.01"/>
  <testcase classname="Test.Day3" name="MobileSignOutCarLoan" time="0.002"/>
  <testcase classname="Test.Day3" name="MobileloginCarLoan" time="0.002"/>
  <testcase classname="Test.Day3" name="LoginAPICarLoan" time="0.001"/>
  <testcase classname="Test.Day4" name="LoginAPIHomeLoan" time="0.002"/>
  <testcase classname="Test.Day4" name="webloginHomeLoan" time="0.002"/>
  <testcase classname="Test.Day2" name="ploan" time="0.0">
    <ignored/>
  </testcase> <!-- ploan -->
  <testcase classname="Test.Day4" name="MobileloginHomeLoan" time="0.0">
    <ignored/>
  </testcase> <!-- MobileloginHomeLoan -->
  <testcase classname="Test.Day1" name="Demo" time="0.0">
    <ignored/>
  </testcase> <!-- Demo -->
  <testcase classname="Test.Day3" name="WebloginCarLoan" time="0.0">
    <ignored/>
  </testcase> <!-- WebloginCarLoan -->
  <testcase classname="Test.Day1" name="SecondTest" time="0.0">
    <ignored/>
  </testcase> <!-- SecondTest -->
</testsuite> <!-- Regression -->
