<?xml version="1.0" encoding="UTF-8"?>
<testng-results ignored="0" total="2" passed="2" failed="0" skipped="0">
  <reporter-output>
  </reporter-output>
  <suite started-at="2025-12-09T18:47:32 EST" name="Loan Departement" finished-at="2025-12-09T18:47:32 EST" duration-ms="65">
    <groups>
      <group name="Smoke">
        <method signature="Day5.Demo()[pri:0, instance:Test.Day5@5c909414]" name="Demo" class="Test.Day5"/>
      </group> <!-- Smoke -->
    </groups>
    <test started-at="2025-12-09T18:47:32 EST" name="Personal Loan" finished-at="2025-12-09T18:47:32 EST" duration-ms="65">
      <class name="Test.Day5">
        <test-method is-config="true" signature="prerequisite()[pri:0, instance:Test.Day5@5c909414]" started-at="2025-12-09T18:47:32 EST" name="prerequisite" finished-at="2025-12-09T18:47:32 EST" duration-ms="18" status="PASS">
          <reporter-output>
          </reporter-output>
        </test-method> <!-- prerequisite -->
        <test-method signature="Demo()[pri:0, instance:Test.Day5@5c909414]" started-at="2025-12-09T18:47:32 EST" name="Demo" finished-at="2025-12-09T18:47:32 EST" duration-ms="3" status="PASS">
          <reporter-output>
          </reporter-output>
        </test-method> <!-- Demo -->
        <test-method signature="SecondTest()[pri:0, instance:Test.Day5@5c909414]" started-at="2025-12-09T18:47:32 EST" name="SecondTest" finished-at="2025-12-09T18:47:32 EST" duration-ms="2" status="PASS">
          <reporter-output>
          </reporter-output>
        </test-method> <!-- SecondTest -->
        <test-method is-config="true" signature="Lastexecution()[pri:0, instance:Test.Day5@5c909414]" started-at="2025-12-09T18:47:32 EST" name="Lastexecution" finished-at="2025-12-09T18:47:32 EST" duration-ms="0" status="PASS">
          <reporter-output>
          </reporter-output>
        </test-method> <!-- Lastexecution -->
        <test-method is-config="true" signature="Bfsuite()[pri:0, instance:Test.Day5@5c909414]" started-at="2025-12-09T18:47:32 EST" name="Bfsuite" finished-at="2025-12-09T18:47:32 EST" duration-ms="2" status="PASS">
          <reporter-output>
          </reporter-output>
        </test-method> <!-- Bfsuite -->
      </class> <!-- Test.Day5 -->
    </test> <!-- Personal Loan -->
  </suite> <!-- Loan Departement -->
</testng-results>
