<?xml version="1.0" encoding="UTF-8"?>
<!-- Generated by org.testng.reporters.JUnitReportReporter -->
<testsuite hostname="chathucharu" failures="0" tests="3" name="Test.Day4" time="0.009" errors="0" timestamp="2025-11-19T18:03:41 EST" skipped="0">
  <testcase classname="Test.Day4" name="MobileloginHomeLoan" time="0.003"/>
  <testcase classname="Test.Day4" name="webloginHomeLoan" time="0.002"/>
  <testcase classname="Test.Day4" name="LoginAPIHomeLoan" time="0.004"/>
</testsuite> <!-- Test.Day4 -->
