<?xml version="1.0" encoding="UTF-8"?>
<!-- Generated by org.testng.reporters.JUnitReportReporter -->
<testsuite hostname="chathucharu" failures="0" tests="7" name="Test.Day3" time="0.089" errors="0" timestamp="2025-11-19T18:03:41 EST" skipped="0">
  <testcase classname="Test.Day3" name="MobileSignInCarLoan" time="0.028"/>
  <testcase classname="Test.Day3" name="MobileSignInCarLoan" time="0.010"/>
  <testcase classname="Test.Day3" name="WebloginCarLoan" time="0.008"/>
  <testcase classname="Test.Day3" name="MobileSignInCarLoan" time="0.023"/>
  <testcase classname="Test.Day3" name="MobileSignOutCarLoan" time="0.009"/>
  <testcase classname="Test.Day3" name="MobileloginCarLoan" time="0.006"/>
  <testcase classname="Test.Day3" name="LoginAPICarLoan" time="0.005"/>
</testsuite> <!-- Test.Day3 -->
